Performing C SOURCE FILE Test OPUS_X86_MAY_HAVE_AVX failed with the following output:
Change Dir: /Users/S0U1SB4N3/test006/linphone-desktop/WORK/desktop/Build/opus/CMakeFiles/CMakeTmp

Run Build Command:"/usr/bin/make" "cmTC_fb862/fast"
/Applications/Xcode.app/Contents/Developer/usr/bin/make -f CMakeFiles/cmTC_fb862.dir/build.make CMakeFiles/cmTC_fb862.dir/build
Building C object CMakeFiles/cmTC_fb862.dir/src.c.o
/Applications/Xcode.app/Contents/Developer/Toolchains/XcodeDefault.xctoolchain/usr/bin/cc   -DOPUS_X86_MAY_HAVE_AVX -arch x86_64 -isysroot /Applications/Xcode.app/Contents/Developer/Platforms/MacOSX.platform/Developer/SDKs/MacOSX10.13.sdk -mmacosx-version-min=10.13   -o CMakeFiles/cmTC_fb862.dir/src.c.o   -c /Users/S0U1SB4N3/test006/linphone-desktop/WORK/desktop/Build/opus/CMakeFiles/CMakeTmp/src.c
/Users/S0U1SB4N3/test006/linphone-desktop/WORK/desktop/Build/opus/CMakeFiles/CMakeTmp/src.c:6:10: error: always_inline function '_mm256_set1_ps' requires target feature 'xsave', but would be inlined into function 'main' that is compiled without support for 'xsave'
        mtest = _mm256_set1_ps((float)time(NULL));
                ^
/Users/S0U1SB4N3/test006/linphone-desktop/WORK/desktop/Build/opus/CMakeFiles/CMakeTmp/src.c:7:10: error: always_inline function '_mm256_addsub_ps' requires target feature 'xsave', but would be inlined into function 'main' that is compiled without support for 'xsave'
        mtest = _mm256_addsub_ps(mtest, mtest);
                ^
/Users/S0U1SB4N3/test006/linphone-desktop/WORK/desktop/Build/opus/CMakeFiles/CMakeTmp/src.c:8:24: error: always_inline function '_mm256_undefined_ps' requires target feature 'xsave', but would be inlined into function 'main' that is compiled without support for 'xsave'
        return _mm_cvtss_si32(_mm256_extractf128_ps(mtest, 0));
                              ^
/Applications/Xcode.app/Contents/Developer/Toolchains/XcodeDefault.xctoolchain/usr/lib/clang/9.0.0/include/avxintrin.h:4531:14: note: expanded from macro '_mm256_extractf128_ps'
    (__v8sf)(_mm256_undefined_ps()), \
             ^
3 errors generated.
make[5]: *** [CMakeFiles/cmTC_fb862.dir/src.c.o] Error 1
make[4]: *** [cmTC_fb862/fast] Error 2

Source file was:

#include <immintrin.h>
#include <time.h>
int main(int argc, char *argv[]) {
	__m256 mtest;
	mtest = _mm256_set1_ps((float)time(NULL));
	mtest = _mm256_addsub_ps(mtest, mtest);
	return _mm_cvtss_si32(_mm256_extractf128_ps(mtest, 0));
}
